[2020-08-05 12:14:49] [CarinaListener.java] [1] [INFO] 
============= Test configuration =============
url=https://www.onliner.by/
env=DEMO
env_arg_resolver=com.qaprosoft.carina.core.foundation.utils.DefaultEnvArgResolver
browser=chrome
browser_version=
browser_language=
selenium_host=http://127.0.0.1:4444/wd/hub
driver_event_listeners=
max_driver_count=3
custom_capabilities=
chrome_args=
chrome_experimental_opts=
chrome_mobile_emulation_opts=
firefox_args=
firefox_preferences=
app_version=
proxy_host=
proxy_port=
proxy_protocols=http,https,ftp
no_proxy=
browsermob_proxy=false
browsermob_host=
browsermob_port=0
browsermob_ports_range=
browsermob_disabled_mitm=false
proxy_set_to_system=false
report_url=
email_list=
failure_email_list=
track_known_issues=false
auto_screenshot=false
explicit_timeout=20
auto_download=false
auto_download_apps=
auto_download_folder=
custom_artifacts_folder=
retry_interval=5
project_report_directory=./reports/qa
max_screen_history=10
max_log_file_size=150
result_sorting=true
big_screen_width=-1
big_screen_height=-1
small_screen_width=90
small_screen_height=60
init_retry_count=0
init_retry_interval=1
retry_count=0
enable_l10n=true
l10n_encoding=ISO-8859-1
locale=en_US
thread_count=-1
data_provider_thread_count=1
core_log_level=INFO
core_log_packages=com.qaprosoft.carina.core
artifacts_expiration_seconds=2592000
log_all_json=true
date_format=HH:mm:ss yyyy-MM-dd
time_format=HH:mm:ss
suite_name=
jira_updater=com.qaprosoft.carina.core.foundation.jira.DefaultJiraUpdater
jira_url=
jira_user=
jira_password=
jira_suite_id=
jira_project=
jira_project_short=
jira_create_new_ticket=false
test_naming_pattern={method_name}
element_loading_strategy=BY_PRESENCE_OR_VISIBILITY
page_opening_strategy=BY_URL_AND_ELEMENT
forcibly_disable_driver_quit=false
testrail_run_name=
testrail_milestone=
testrail_assignee=
qtest_cycle_name=DailyAutomation
qtest_suite_name=
s3_bucket_name=
access_key_id=
secret_key=
s3_use_presign_url=false
s3_local_storage=.
appcenter_token=
appcenter_local_storage=.
add_new_localization=false
add_new_localization_encoding=utf-8
add_new_localization_path=
add_new_localization_property_name=new_custom_messages_
tls_keysecure_location=
health_check_class=
health_check_methods=
uninstall_related_apps=false
default_device_timezone=GMT
default_device_time_format=24
default_device_language=en_US
android_screen_record_size=
android_screen_record_bitrate=1000000
android_enable_bug_report=true
ios_screen_record_quality=MEDIUM
ios_screen_record_codec=libx264
ios_screen_record_fps=10
screen_record_duration=180
video_scale=-2:720
ignore_ssl=false
test_run_rules=
hub_mode=selenium
selenium_host=http://127.0.0.1:4444/wd/hub

------------- Driver capabilities -----------
================================================

[2020-08-05 12:14:49] [L10N.java] [1] [ERROR] Unable to use L10N resources yet using Java 9+!
[2020-08-05 12:14:54] [CarinaListener.java] [1] [INFO] Set thread_count=1
[2020-08-05 12:14:54] [CarinaListener.java] [1] [INFO] CARINA_CORE_VERSION: 6.4.38
[2020-08-05 12:14:55] [IMessager.java] [1] [INFO]  TEST [demo-api-lab - validateBaseElements] STARTED at [12:14:55 2020-08-05]
[2020-08-05 12:15:27] [DesktopFactory.java] [1] [INFO] Browser window was maximized
[2020-08-05 12:15:54] [IMessager.java] [1] [ERROR]  TEST [demo-api-lab - validateBaseElements] FAILED at [12:15:54 2020-08-05] - Main page was not opened! expected [true] but found [false]

org.testng.Assert.fail(Assert.java:97)
org.testng.Assert.failNotEquals(Assert.java:969)
org.testng.Assert.assertTrue(Assert.java:43)
com.solvd.automation.lab.carina.demo.OnlinerMainPageTest.validateBaseElements(OnlinerMainPageTest.java:13)
java.base/jdk.internal.reflect.NativeMethodAccessorImpl.invoke0(Native Method)
java.base/jdk.internal.reflect.NativeMethodAccessorImpl.invoke(NativeMethodAccessorImpl.java:62)
java.base/jdk.internal.reflect.DelegatingMethodAccessorImpl.invoke(DelegatingMethodAccessorImpl.java:43)
java.base/java.lang.reflect.Method.invoke(Method.java:566)
org.testng.internal.MethodInvocationHelper.invokeMethod(MethodInvocationHelper.java:134)
org.testng.internal.TestInvoker.invokeMethod(TestInvoker.java:597)
org.testng.internal.TestInvoker.invokeTestMethod(TestInvoker.java:173)
org.testng.internal.MethodRunner.runInSequence(MethodRunner.java:46)
org.testng.internal.TestInvoker$MethodInvocationAgent.invoke(TestInvoker.java:816)
org.testng.internal.TestInvoker.invokeTestMethods(TestInvoker.java:146)
org.testng.internal.TestMethodWorker.invokeTestMethods(TestMethodWorker.java:146)
org.testng.internal.TestMethodWorker.run(TestMethodWorker.java:128)
java.base/java.util.ArrayList.forEach(ArrayList.java:1540)
org.testng.TestRunner.privateRun(TestRunner.java:766)
org.testng.TestRunner.run(TestRunner.java:587)
org.testng.SuiteRunner.runTest(SuiteRunner.java:384)
org.testng.SuiteRunner.runSequentially(SuiteRunner.java:378)
org.testng.SuiteRunner.privateRun(SuiteRunner.java:337)
org.testng.SuiteRunner.run(SuiteRunner.java:286)
org.testng.SuiteRunnerWorker.runSuite(SuiteRunnerWorker.java:53)
org.testng.SuiteRunnerWorker.run(SuiteRunnerWorker.java:96)
org.testng.TestNG.runSuitesSequentially(TestNG.java:1187)
org.testng.TestNG.runSuitesLocally(TestNG.java:1109)
org.testng.TestNG.runSuites(TestNG.java:1039)
org.testng.TestNG.run(TestNG.java:1007)
org.testng.IDEARemoteTestNG.run(IDEARemoteTestNG.java:73)
org.testng.RemoteTestNGStarter.main(RemoteTestNGStarter.java:123)
